<?xml version="1.0" encoding="UTF-8"?>
<!-- Generated by org.testng.reporters.JUnitReportReporter -->
<testsuite hostname="DESKTOP-IBENE70" failures="0" tests="1" name="PositiveTest.LoginTest" time="5.386" errors="0" timestamp="2022-10-06T22:11:30 IST" skipped="0">
  <testcase classname="PositiveTest.LoginTest" name="f" time="5.386"/>
</testsuite> <!-- PositiveTest.LoginTest -->
